#
# A fatal error has been detected by the Java Runtime Environment:
#
#  SIGSEGV (0xb) at pc=0x0000000106254e84, pid=24321, tid=22531
#
# JRE version: Java(TM) SE Runtime Environment (7.0_67-b01) (build 1.7.0_67-b01)
# Java VM: Java HotSpot(TM) 64-Bit Server VM (24.65-b04 mixed mode bsd-amd64 compressed oops)
# Problematic frame:
# V  [libjvm.dylib+0x2b1e84]  java_lang_String::length(oopDesc*)+0x54
#
# Failed to write core dump. Core dumps have been disabled. To enable core dumping, try "ulimit -c unlimited" before starting Java again
#
# If you would like to submit a bug report, please visit:
#   http://bugreport.sun.com/bugreport/crash.jsp
#

---------------  T H R E A D  ---------------

Current thread (0x00007f959c013800):  JavaThread "JDWP Transport Listener: dt_socket" daemon [_thread_in_vm, id=22531, stack(0x000000015347a000,0x000000015357a000)]

siginfo:si_signo=SIGSEGV: si_errno=0, si_code=1 (SEGV_MAPERR), si_addr=0x000000000000000c

Registers:
RAX=0x0000000000000000, RBX=0x0000000139ba5a58, RCX=0x000000000000000c, RDX=0x0000000000000000
RSP=0x0000000153579a30, RBP=0x0000000153579a30, RSI=0x00007f959ac20d38, RDI=0x0000000139ba5a58
R8 =0x0000000000000000, R9 =0x0000000000000007, R10=0x0000000000000190, R11=0x00007f959ac26730
R12=0x00007f959c013800, R13=0x00007f959b808230, R14=0x0000000000000000, R15=0x0000000000000000
RIP=0x0000000106254e84, EFLAGS=0x0000000000010202, ERR=0x0000000000000004
  TRAPNO=0x000000000000000e

Top of Stack: (sp=0x0000000153579a30)
0x0000000153579a30:   0000000153579a60 00000001062847be
0x0000000153579a40:   0000000000000000 0000000000000000
0x0000000153579a50:   0000000139ba5a58 00007f959c0139e8
0x0000000153579a60:   0000000153579ad0 00000001062ac086
0x0000000153579a70:   00007f959c013800 00007f959c013800
0x0000000153579a80:   0000000000000000 0000000000000000
0x0000000153579a90:   00007f959c0139e8 00007f959c013800
0x0000000153579aa0:   00007f959c013800 0000000153579b28
0x0000000153579ab0:   00007f959ac20d38 00007f959b808230
0x0000000153579ac0:   0000000153579cb0 00007f959c0139e8
0x0000000153579ad0:   0000000153579b00 0000000106b4a4be
0x0000000153579ae0:   0000000153579cb0 0000000106b6adc2
0x0000000153579af0:   0000000153579b28 0000000106b76588
0x0000000153579b00:   0000000153579d20 0000000106b51642
0x0000000153579b10:   0000086400000013 0000000000010a00
0x0000000153579b20:   00007f959b80c790 0000000153579b78
0x0000000153579b30:   00007f950000012c 0000000153579b40
0x0000000153579b40:   00007f9500000000 0000000153579b78
0x0000000153579b50:   0000000000000000 00007f0000000000
0x0000000153579b60:   0000086400000013 000020600000dd80
0x0000000153579b70:   0000000153579b78 6e69616d04000000
0x0000000153579b80:   1300000000000000 0000000004000000
0x0000000153579b90:   a700000000000000 0400000000000000
0x0000000153579ba0:   00000000020c0000 a800000009000000
0x0000000153579bb0:   1300000000000000 00000500a9000000
0x0000000153579bc0:   0001020037000000 0006000000000000
0x0000000153579bd0:   0008ce809b957f00 0004000000000000
0x0000000153579be0:   0103003700000000 1800000000000000
0x0000000153579bf0:   f80fc29a957f0000 3d00000000000000
0x0000000153579c00:   0400370000000000 0000000000000001
0x0000000153579c10:   0fc29a957f000018 00000000000000f8
0x0000000153579c20:   003700000000000d 0000000000000105 

Instructions: (pc=0x0000000106254e84)
0x0000000106254e64:   eb 16 48 8d 35 c3 79 4c 00 8a 4e 08 48 d3 e2 48
0x0000000106254e74:   03 16 eb 04 48 8b 14 0f 84 c0 0f 94 c0 0f b6 c0
0x0000000106254e84:   8b 44 82 0c 5d c3 8b 04 07 5d c3 90 55 48 89 e5
0x0000000106254e94:   f6 87 8d 00 00 00 02 75 04 31 ff eb 23 48 63 87 

Register to memory mapping:

RAX=0x0000000000000000 is an unknown value
RBX=0x0000000139ba5a58 is an oop
java.lang.String 
 - klass: 'java/lang/String'
RCX=0x000000000000000c is an unknown value
RDX=0x0000000000000000 is an unknown value
RSP=0x0000000153579a30 is pointing into the stack for thread: 0x00007f959c013800
RBP=0x0000000153579a30 is pointing into the stack for thread: 0x00007f959c013800
RSI=0x00007f959ac20d38 is a global jni handle
RDI=0x0000000139ba5a58 is an oop
java.lang.String 
 - klass: 'java/lang/String'
R8 =0x0000000000000000 is an unknown value
R9 =0x0000000000000007 is an unknown value
R10=0x0000000000000190 is an unknown value
R11=0x00007f959ac26730 is an unknown value
R12=0x00007f959c013800 is a thread
R13=0x00007f959b808230 is an unknown value
R14=0x0000000000000000 is an unknown value
R15=0x0000000000000000 is an unknown value


Stack: [0x000000015347a000,0x000000015357a000],  sp=0x0000000153579a30,  free space=1022k
Native frames: (J=compiled Java code, j=interpreted, Vv=VM code, C=native code)
V  [libjvm.dylib+0x2b1e84]  java_lang_String::length(oopDesc*)+0x54
V  [libjvm.dylib+0x2e17be]  java_lang_String::utf8_length(oopDesc*)+0x38
V  [libjvm.dylib+0x309086]  jni_GetStringUTFChars+0x71
C  [libjdwp.dylib+0x74be]  value+0x96
C  [libjdwp.dylib+0xe642]  debugLoop_run+0x1ce
C  [libjdwp.dylib+0x1f0e2]  attachThread+0x4d
V  [libjvm.dylib+0x3781c2]  JvmtiAgentThread::call_start_function()+0x38
V  [libjvm.dylib+0x4f5855]  JavaThread::thread_main_inner()+0x9b
V  [libjvm.dylib+0x4f6f5d]  JavaThread::run()+0x1a3
V  [libjvm.dylib+0x420772]  java_start(Thread*)+0x126
C  [libsystem_c.dylib+0x14772]  _pthread_start+0x147
C  [libsystem_c.dylib+0x11a1]  thread_start+0xd


---------------  P R O C E S S  ---------------

Java Threads: ( => current thread )
  0x00007f959c849800 JavaThread "Service Thread" daemon [_thread_blocked, id=25091, stack(0x0000000153989000,0x0000000153a89000)]
  0x00007f959c848800 JavaThread "C2 CompilerThread1" daemon [_thread_blocked, id=24579, stack(0x0000000153886000,0x0000000153986000)]
  0x00007f959c83d000 JavaThread "C2 CompilerThread0" daemon [_thread_blocked, id=24067, stack(0x0000000153783000,0x0000000153883000)]
  0x00007f959d01a000 JavaThread "JDWP Command Reader" daemon [_thread_in_native, id=23555, stack(0x0000000153680000,0x0000000153780000)]
  0x00007f959c00e800 JavaThread "JDWP Event Helper Thread" daemon [_thread_blocked, id=23043, stack(0x000000015357d000,0x000000015367d000)]
=>0x00007f959c013800 JavaThread "JDWP Transport Listener: dt_socket" daemon [_thread_in_vm, id=22531, stack(0x000000015347a000,0x000000015357a000)]
  0x00007f959b015000 JavaThread "Signal Dispatcher" daemon [_thread_blocked, id=22019, stack(0x0000000153371000,0x0000000153471000)]
  0x00007f959c830800 JavaThread "Finalizer" daemon [_thread_blocked, id=17155, stack(0x00000001530ac000,0x00000001531ac000)]
  0x00007f959c82f800 JavaThread "Reference Handler" daemon [_thread_blocked, id=16643, stack(0x0000000152fa9000,0x00000001530a9000)]
  0x00007f959c001000 JavaThread "main" [_thread_blocked, id=6659, stack(0x0000000106a03000,0x0000000106b03000)]

Other Threads:
  0x00007f959d012800 VMThread [stack: 0x0000000152ea6000,0x0000000152fa6000] [id=16131]
  0x00007f959c801800 WatcherThread [stack: 0x0000000153a8c000,0x0000000153b8c000] [id=25603]

VM state:not at safepoint (normal execution)

VM Mutex/Monitor currently owned by a thread: None

Heap
 PSYoungGen      total 19456K, used 1690K [0x0000000139a00000, 0x000000013af80000, 0x000000014ef80000)
  eden space 16896K, 10% used [0x0000000139a00000,0x0000000139ba68d0,0x000000013aa80000)
  from space 2560K, 0% used [0x000000013ad00000,0x000000013ad00000,0x000000013af80000)
  to   space 2560K, 0% used [0x000000013aa80000,0x000000013aa80000,0x000000013ad00000)
 ParOldGen       total 43520K, used 0K [0x000000010ef80000, 0x0000000111a00000, 0x0000000139a00000)
  object space 43520K, 0% used [0x000000010ef80000,0x000000010ef80000,0x0000000111a00000)
 PSPermGen       total 21504K, used 3210K [0x0000000109d80000, 0x000000010b280000, 0x000000010ef80000)
  object space 21504K, 14% used [0x0000000109d80000,0x000000010a0a29b8,0x000000010b280000)

Card table byte_map: [0x000000014ef80000,0x000000014f1aa000] byte_map_base: 0x000000014e731400

Polling page: 0x0000000106b42000

Code Cache  [0x0000000106c19000, 0x0000000106e89000, 0x0000000109c19000)
 total_blobs=184 nmethods=3 adapters=144 free_code_cache=48763Kb largest_free_block=49911616

Compilation events (6 events):
Event: 0.221 Thread 0x00007f959c83d000    1             java.lang.String::hashCode (55 bytes)
Event: 0.227 Thread 0x00007f959c848800    2             java.lang.String::indexOf (70 bytes)
Event: 0.232 Thread 0x00007f959c83d000 nmethod 1 0x0000000106c7be10 code [0x0000000106c7bf60, 0x0000000106c7c118]
Event: 0.232 Thread 0x00007f959c848800 nmethod 2 0x0000000106c78910 code [0x0000000106c78a60, 0x0000000106c78c48]
Event: 0.256 Thread 0x00007f959c83d000    3             sun.nio.cs.UTF_8$Encoder::encode (361 bytes)
Event: 0.268 Thread 0x00007f959c83d000 nmethod 3 0x0000000106c7b150 code [0x0000000106c7b2e0, 0x0000000106c7b9c8]

GC Heap History (0 events):
No events

Deoptimization events (0 events):
No events

Internal exceptions (10 events):
Event: 0.235 Thread 0x00007f959c001000 Threw 0x0000000139b50bc0 at /HUDSON/workspace/7u-2-build-macosx-x86_64/jdk7u67/1368/hotspot/src/share/vm/prims/jvm.cpp:1244
Event: 0.241 Thread 0x00007f959c001000 Threw 0x0000000139b55e20 at /HUDSON/workspace/7u-2-build-macosx-x86_64/jdk7u67/1368/hotspot/src/share/vm/prims/jvm.cpp:1244
Event: 0.247 Thread 0x00007f959c001000 Threw 0x0000000139b59c80 at /HUDSON/workspace/7u-2-build-macosx-x86_64/jdk7u67/1368/hotspot/src/share/vm/prims/jvm.cpp:1244
Event: 0.257 Thread 0x00007f959c001000 Threw 0x0000000139b79bd0 at /HUDSON/workspace/7u-2-build-macosx-x86_64/jdk7u67/1368/hotspot/src/share/vm/prims/jvm.cpp:1244
Event: 0.257 Thread 0x00007f959c001000 Threw 0x0000000139b79cf8 at /HUDSON/workspace/7u-2-build-macosx-x86_64/jdk7u67/1368/hotspot/src/share/vm/prims/jvm.cpp:1244
Event: 0.258 Thread 0x00007f959c001000 Threw 0x0000000139b7cdc8 at /HUDSON/workspace/7u-2-build-macosx-x86_64/jdk7u67/1368/hotspot/src/share/vm/prims/jvm.cpp:1244
Event: 0.258 Thread 0x00007f959c001000 Threw 0x0000000139b7cef0 at /HUDSON/workspace/7u-2-build-macosx-x86_64/jdk7u67/1368/hotspot/src/share/vm/prims/jvm.cpp:1244
Event: 0.268 Thread 0x00007f959c001000 Threw 0x0000000139b8f430 at /HUDSON/workspace/7u-2-build-macosx-x86_64/jdk7u67/1368/hotspot/src/share/vm/prims/jvm.cpp:1244
Event: 0.269 Thread 0x00007f959c001000 Threw 0x0000000139b93008 at /HUDSON/workspace/7u-2-build-macosx-x86_64/jdk7u67/1368/hotspot/src/share/vm/prims/jvm.cpp:1244
Event: 0.270 Thread 0x00007f959c001000 Threw 0x0000000139b95c50 at /HUDSON/workspace/7u-2-build-macosx-x86_64/jdk7u67/1368/hotspot/src/share/vm/prims/jvm.cpp:1244

Events (10 events):
Event: 69.856 Executing VM operation: EnterInterpOnlyMode
Event: 69.856 Executing VM operation: EnterInterpOnlyMode done
Event: 69.856 Executing VM operation: GetCurrentLocation
Event: 69.856 Executing VM operation: GetCurrentLocation done
Event: 69.856 Executing VM operation: ChangeSingleStep
Event: 69.856 Executing VM operation: ChangeSingleStep done
Event: 69.861 Executing VM operation: ChangeSingleStep
Event: 69.861 Executing VM operation: ChangeSingleStep done
Event: 70.089 Executing VM operation: GetOrSetLocal
Event: 70.089 Executing VM operation: GetOrSetLocal done


Dynamic libraries:
0x0000000003e86000 	/System/Library/Frameworks/Cocoa.framework/Versions/A/Cocoa
0x0000000003e86000 	/System/Library/Frameworks/Security.framework/Versions/A/Security
0x0000000003e86000 	/System/Library/Frameworks/ApplicationServices.framework/Versions/A/ApplicationServices
0x0000000003e86000 	/usr/lib/libz.1.dylib
0x0000000003e86000 	/usr/lib/libSystem.B.dylib
0x0000000003e86000 	/usr/lib/libobjc.A.dylib
0x0000000003e86000 	/System/Library/Frameworks/CoreFoundation.framework/Versions/A/CoreFoundation
0x0000000003e86000 	/System/Library/Frameworks/Foundation.framework/Versions/C/Foundation
0x0000000003e86000 	/System/Library/Frameworks/AppKit.framework/Versions/C/AppKit
0x0000000003e86000 	/System/Library/Frameworks/CoreData.framework/Versions/A/CoreData
0x0000000003e86000 	/System/Library/PrivateFrameworks/RemoteViewServices.framework/Versions/A/RemoteViewServices
0x0000000003e86000 	/System/Library/Frameworks/AudioToolbox.framework/Versions/A/AudioToolbox
0x0000000003e86000 	/System/Library/Frameworks/AudioUnit.framework/Versions/A/AudioUnit
0x0000000003e86000 	/System/Library/PrivateFrameworks/DataDetectorsCore.framework/Versions/A/DataDetectorsCore
0x0000000003e86000 	/System/Library/PrivateFrameworks/DesktopServicesPriv.framework/Versions/A/DesktopServicesPriv
0x0000000003e86000 	/System/Library/Frameworks/Carbon.framework/Versions/A/Frameworks/HIToolbox.framework/Versions/A/HIToolbox
0x0000000003e86000 	/System/Library/Frameworks/QuartzCore.framework/Versions/A/QuartzCore
0x0000000003e86000 	/System/Library/Frameworks/Carbon.framework/Versions/A/Frameworks/SpeechRecognition.framework/Versions/A/SpeechRecognition
0x0000000003e86000 	/usr/lib/libauto.dylib
0x0000000003e86000 	/usr/lib/libicucore.A.dylib
0x0000000003e86000 	/usr/lib/libxml2.2.dylib
0x0000000003e86000 	/System/Library/PrivateFrameworks/CoreUI.framework/Versions/A/CoreUI
0x0000000003e86000 	/System/Library/Frameworks/CoreAudio.framework/Versions/A/CoreAudio
0x0000000003e86000 	/System/Library/Frameworks/DiskArbitration.framework/Versions/A/DiskArbitration
0x0000000003e86000 	/usr/lib/liblangid.dylib
0x0000000003e86000 	/System/Library/PrivateFrameworks/MultitouchSupport.framework/Versions/A/MultitouchSupport
0x0000000003e86000 	/System/Library/Frameworks/IOKit.framework/Versions/A/IOKit
0x0000000003e86000 	/usr/lib/libDiagnosticMessagesClient.dylib
0x0000000003e86000 	/System/Library/Frameworks/CoreServices.framework/Versions/A/CoreServices
0x0000000003e86000 	/System/Library/PrivateFrameworks/PerformanceAnalysis.framework/Versions/A/PerformanceAnalysis
0x0000000003e86000 	/System/Library/PrivateFrameworks/GenerationalStorage.framework/Versions/A/GenerationalStorage
0x0000000003e86000 	/System/Library/Frameworks/OpenGL.framework/Versions/A/OpenGL
0x0000000003e86000 	/System/Library/Frameworks/CoreText.framework/Versions/A/CoreText
0x0000000003e86000 	/System/Library/Frameworks/ImageIO.framework/Versions/A/ImageIO
0x0000000003e86000 	/System/Library/PrivateFrameworks/Backup.framework/Versions/A/Backup
0x0000000003e86000 	/System/Library/Frameworks/CFNetwork.framework/Versions/A/CFNetwork
0x0000000003e86000 	/System/Library/Frameworks/SystemConfiguration.framework/Versions/A/SystemConfiguration
0x0000000003e86000 	/usr/lib/libCRFSuite.dylib
0x0000000003e86000 	/System/Library/PrivateFrameworks/TCC.framework/Versions/A/TCC
0x0000000003e86000 	/usr/lib/libc++.1.dylib
0x0000000003e86000 	/usr/lib/libc++abi.dylib
0x0000000003e86000 	/usr/lib/system/libcache.dylib
0x0000000003e86000 	/usr/lib/system/libcommonCrypto.dylib
0x0000000003e86000 	/usr/lib/system/libcompiler_rt.dylib
0x0000000003e86000 	/usr/lib/system/libcopyfile.dylib
0x0000000003e86000 	/usr/lib/system/libdispatch.dylib
0x0000000003e86000 	/usr/lib/system/libdnsinfo.dylib
0x0000000003e86000 	/usr/lib/system/libdyld.dylib
0x0000000003e86000 	/usr/lib/system/libkeymgr.dylib
0x0000000003e86000 	/usr/lib/system/liblaunch.dylib
0x0000000003e86000 	/usr/lib/system/libmacho.dylib
0x0000000003e86000 	/usr/lib/system/libquarantine.dylib
0x0000000003e86000 	/usr/lib/system/libremovefile.dylib
0x0000000003e86000 	/usr/lib/system/libsystem_blocks.dylib
0x0000000003e86000 	/usr/lib/system/libsystem_c.dylib
0x0000000003e86000 	/usr/lib/system/libsystem_dnssd.dylib
0x0000000003e86000 	/usr/lib/system/libsystem_info.dylib
0x0000000003e86000 	/usr/lib/system/libsystem_kernel.dylib
0x0000000003e86000 	/usr/lib/system/libsystem_m.dylib
0x0000000003e86000 	/usr/lib/system/libsystem_network.dylib
0x0000000003e86000 	/usr/lib/system/libsystem_notify.dylib
0x0000000003e86000 	/usr/lib/system/libsystem_sandbox.dylib
0x0000000003e86000 	/usr/lib/system/libunc.dylib
0x0000000003e86000 	/usr/lib/system/libunwind.dylib
0x0000000003e86000 	/usr/lib/system/libxpc.dylib
0x0000000003e86000 	/usr/lib/system/libcorecrypto.dylib
0x0000000003e86000 	/usr/lib/libstdc++.6.dylib
0x0000000003e86000 	/usr/lib/libbsm.0.dylib
0x0000000003e86000 	/usr/lib/libsqlite3.dylib
0x0000000003e86000 	/usr/lib/libxar.1.dylib
0x0000000003e86000 	/usr/lib/libpam.2.dylib
0x0000000003e86000 	/usr/lib/libOpenScriptingUtil.dylib
0x0000000003e86000 	/usr/lib/libbz2.1.0.dylib
0x0000000003e86000 	/System/Library/Frameworks/CoreServices.framework/Versions/A/Frameworks/CarbonCore.framework/Versions/A/CarbonCore
0x0000000003e86000 	/System/Library/Frameworks/CoreServices.framework/Versions/A/Frameworks/Metadata.framework/Versions/A/Metadata
0x0000000003e86000 	/System/Library/Frameworks/CoreServices.framework/Versions/A/Frameworks/OSServices.framework/Versions/A/OSServices
0x0000000003e86000 	/System/Library/Frameworks/CoreServices.framework/Versions/A/Frameworks/SearchKit.framework/Versions/A/SearchKit
0x0000000003e86000 	/System/Library/Frameworks/CoreServices.framework/Versions/A/Frameworks/AE.framework/Versions/A/AE
0x0000000003e86000 	/System/Library/Frameworks/CoreServices.framework/Versions/A/Frameworks/LaunchServices.framework/Versions/A/LaunchServices
0x0000000003e86000 	/System/Library/Frameworks/CoreServices.framework/Versions/A/Frameworks/DictionaryServices.framework/Versions/A/DictionaryServices
0x0000000003e86000 	/System/Library/Frameworks/NetFS.framework/Versions/A/NetFS
0x0000000003e86000 	/usr/lib/system/libkxld.dylib
0x0000000003e86000 	/System/Library/PrivateFrameworks/NetAuth.framework/Versions/A/NetAuth
0x0000000003e86000 	/System/Library/Frameworks/OpenDirectory.framework/Versions/A/Frameworks/CFOpenDirectory.framework/Versions/A/CFOpenDirectory
0x0000000003e86000 	/usr/lib/libxslt.1.dylib
0x0000000003e86000 	/System/Library/PrivateFrameworks/FamilyControls.framework/Versions/A/FamilyControls
0x0000000003e86000 	/System/Library/Frameworks/Carbon.framework/Versions/A/Frameworks/Ink.framework/Versions/A/Ink
0x0000000003e86000 	/System/Library/Frameworks/ApplicationServices.framework/Versions/A/Frameworks/CoreGraphics.framework/Versions/A/CoreGraphics
0x0000000003e86000 	/System/Library/Frameworks/ApplicationServices.framework/Versions/A/Frameworks/ATS.framework/Versions/A/ATS
0x0000000003e86000 	/System/Library/Frameworks/ApplicationServices.framework/Versions/A/Frameworks/ColorSync.framework/Versions/A/ColorSync
0x0000000003e86000 	/System/Library/Frameworks/ApplicationServices.framework/Versions/A/Frameworks/HIServices.framework/Versions/A/HIServices
0x0000000003e86000 	/System/Library/Frameworks/ApplicationServices.framework/Versions/A/Frameworks/LangAnalysis.framework/Versions/A/LangAnalysis
0x0000000003e86000 	/System/Library/Frameworks/ApplicationServices.framework/Versions/A/Frameworks/PrintCore.framework/Versions/A/PrintCore
0x0000000003e86000 	/System/Library/Frameworks/ApplicationServices.framework/Versions/A/Frameworks/QD.framework/Versions/A/QD
0x0000000003e86000 	/System/Library/Frameworks/ApplicationServices.framework/Versions/A/Frameworks/SpeechSynthesis.framework/Versions/A/SpeechSynthesis
0x0000000003e86000 	/System/Library/Frameworks/IOSurface.framework/Versions/A/IOSurface
0x0000000003e86000 	/System/Library/Frameworks/Accelerate.framework/Versions/A/Accelerate
0x0000000003e86000 	/System/Library/Frameworks/ApplicationServices.framework/Versions/A/Frameworks/ATS.framework/Versions/A/Resources/libFontParser.dylib
0x0000000003e86000 	/System/Library/Frameworks/ApplicationServices.framework/Versions/A/Frameworks/ATS.framework/Versions/A/Resources/libFontRegistry.dylib
0x0000000003e86000 	/System/Library/Frameworks/Accelerate.framework/Versions/A/Frameworks/vImage.framework/Versions/A/vImage
0x0000000003e86000 	/System/Library/Frameworks/Accelerate.framework/Versions/A/Frameworks/vecLib.framework/Versions/A/vecLib
0x0000000003e86000 	/System/Library/Frameworks/Accelerate.framework/Versions/A/Frameworks/vecLib.framework/Versions/A/libvDSP.dylib
0x0000000003e86000 	/System/Library/Frameworks/Accelerate.framework/Versions/A/Frameworks/vecLib.framework/Versions/A/libvMisc.dylib
0x0000000003e86000 	/System/Library/Frameworks/Accelerate.framework/Versions/A/Frameworks/vecLib.framework/Versions/A/libLAPACK.dylib
0x0000000003e86000 	/System/Library/Frameworks/Accelerate.framework/Versions/A/Frameworks/vecLib.framework/Versions/A/libBLAS.dylib
0x0000000003e86000 	/System/Library/Frameworks/ImageIO.framework/Versions/A/Resources/libJPEG.dylib
0x0000000003e86000 	/System/Library/Frameworks/ImageIO.framework/Versions/A/Resources/libTIFF.dylib
0x0000000003e86000 	/System/Library/Frameworks/ImageIO.framework/Versions/A/Resources/libPng.dylib
0x0000000003e86000 	/System/Library/Frameworks/ImageIO.framework/Versions/A/Resources/libGIF.dylib
0x0000000003e86000 	/System/Library/Frameworks/ImageIO.framework/Versions/A/Resources/libJP2.dylib
0x0000000003e86000 	/System/Library/Frameworks/ImageIO.framework/Versions/A/Resources/libRadiance.dylib
0x0000000003e86000 	/usr/lib/libcups.2.dylib
0x0000000003e86000 	/System/Library/Frameworks/Kerberos.framework/Versions/A/Kerberos
0x0000000003e86000 	/System/Library/Frameworks/GSS.framework/Versions/A/GSS
0x0000000003e86000 	/usr/lib/libresolv.9.dylib
0x0000000003e86000 	/usr/lib/libiconv.2.dylib
0x0000000003e86000 	/System/Library/PrivateFrameworks/Heimdal.framework/Versions/A/Heimdal
0x0000000003e86000 	/System/Library/PrivateFrameworks/TrustEvaluationAgent.framework/Versions/A/TrustEvaluationAgent
0x0000000003e86000 	/System/Library/Frameworks/OpenDirectory.framework/Versions/A/OpenDirectory
0x0000000003e86000 	/System/Library/PrivateFrameworks/CommonAuth.framework/Versions/A/CommonAuth
0x0000000003e86000 	/System/Library/PrivateFrameworks/Bom.framework/Versions/A/Bom
0x0000000003e86000 	/System/Library/Frameworks/CoreVideo.framework/Versions/A/CoreVideo
0x0000000003e86000 	/System/Library/Frameworks/QuartzCore.framework/Versions/A/Frameworks/CoreImage.framework/Versions/A/CoreImage
0x0000000003e86000 	/System/Library/Frameworks/QuartzCore.framework/Versions/A/Frameworks/ScalableUserInterface.framework/Versions/A/ScalableUserInterface
0x0000000003e86000 	/System/Library/Frameworks/OpenGL.framework/Versions/A/Libraries/libGLU.dylib
0x0000000003e86000 	/System/Library/Frameworks/OpenGL.framework/Versions/A/Libraries/libGFXShared.dylib
0x0000000003e86000 	/System/Library/Frameworks/OpenGL.framework/Versions/A/Libraries/libGL.dylib
0x0000000003e86000 	/System/Library/Frameworks/OpenGL.framework/Versions/A/Libraries/libGLImage.dylib
0x0000000003e86000 	/System/Library/Frameworks/OpenGL.framework/Versions/A/Libraries/libCVMSPluginSupport.dylib
0x0000000003e86000 	/System/Library/Frameworks/OpenGL.framework/Versions/A/Libraries/libCoreVMClient.dylib
0x0000000003e86000 	/System/Library/PrivateFrameworks/CrashReporterSupport.framework/Versions/A/CrashReporterSupport
0x0000000003e86000 	/System/Library/Frameworks/OpenCL.framework/Versions/A/OpenCL
0x0000000003e86000 	/System/Library/PrivateFrameworks/FaceCoreLight.framework/Versions/A/FaceCoreLight
0x0000000003e86000 	/System/Library/PrivateFrameworks/AppleFSCompression.framework/Versions/A/AppleFSCompression
0x0000000003e86000 	/System/Library/PrivateFrameworks/Ubiquity.framework/Versions/A/Ubiquity
0x0000000003e86000 	/System/Library/Frameworks/ServiceManagement.framework/Versions/A/ServiceManagement
0x0000000003e86000 	/System/Library/PrivateFrameworks/ChunkingLibrary.framework/Versions/A/ChunkingLibrary
0x0000000003e86000 	/System/Library/Frameworks/vecLib.framework/Versions/A/vecLib
0x0000000003e86000 	/System/Library/Frameworks/SecurityFoundation.framework/Versions/A/SecurityFoundation
0x0000000003e86000 	/System/Library/PrivateFrameworks/CommerceKit.framework/Versions/A/Frameworks/CommerceCore.framework/Versions/A/CommerceCore
0x0000000003e86000 	/System/Library/PrivateFrameworks/CoreSymbolication.framework/Versions/A/CoreSymbolication
0x0000000003e86000 	/System/Library/PrivateFrameworks/Symbolication.framework/Versions/A/Symbolication
0x0000000003e86000 	/System/Library/PrivateFrameworks/DebugSymbols.framework/Versions/A/DebugSymbols
0x0000000105fa3000 	/Library/Java/JavaVirtualMachines/jdk1.7.0_67.jdk/Contents/Home/jre/lib/server/libjvm.dylib
0x0000000106b05000 	/Library/Java/JavaVirtualMachines/jdk1.7.0_67.jdk/Contents/Home/jre/lib/libverify.dylib
0x0000000106b12000 	/Library/Java/JavaVirtualMachines/jdk1.7.0_67.jdk/Contents/Home/jre/lib/libjava.dylib
0x0000000106b43000 	/Library/Java/JavaVirtualMachines/jdk1.7.0_67.jdk/Contents/Home/jre/lib/libjdwp.dylib
0x0000000106b80000 	/Library/Java/JavaVirtualMachines/jdk1.7.0_67.jdk/Contents/Home/jre/lib/libnpt.dylib
0x0000000106c10000 	/Library/Java/JavaVirtualMachines/jdk1.7.0_67.jdk/Contents/Home/jre/lib/libzip.dylib
0x00000001531ae000 	/System/Library/Frameworks/JavaVM.framework/Frameworks/JavaRuntimeSupport.framework/JavaRuntimeSupport
0x00000001531c6000 	/System/Library/Frameworks/JavaVM.framework/Versions/A/Frameworks/JavaNativeFoundation.framework/Versions/A/JavaNativeFoundation
0x0000000109cf0000 	/System/Library/Frameworks/JavaVM.framework/Versions/A/JavaVM
0x0000000003e86000 	/System/Library/Frameworks/Carbon.framework/Versions/A/Carbon
0x00000001531db000 	/System/Library/PrivateFrameworks/JavaLaunching.framework/Versions/A/JavaLaunching
0x0000000003e86000 	/System/Library/Frameworks/Carbon.framework/Versions/A/Frameworks/CommonPanels.framework/Versions/A/CommonPanels
0x0000000003e86000 	/System/Library/Frameworks/Carbon.framework/Versions/A/Frameworks/Help.framework/Versions/A/Help
0x0000000003e86000 	/System/Library/Frameworks/Carbon.framework/Versions/A/Frameworks/ImageCapture.framework/Versions/A/ImageCapture
0x0000000003e86000 	/System/Library/Frameworks/Carbon.framework/Versions/A/Frameworks/OpenScripting.framework/Versions/A/OpenScripting
0x0000000003e86000 	/System/Library/Frameworks/Carbon.framework/Versions/A/Frameworks/Print.framework/Versions/A/Print
0x0000000003e86000 	/System/Library/Frameworks/Carbon.framework/Versions/A/Frameworks/SecurityHI.framework/Versions/A/SecurityHI
0x0000000153473000 	/Library/Java/JavaVirtualMachines/jdk1.7.0_67.jdk/Contents/Home/jre/lib/libdt_socket.dylib

VM Arguments:
jvm_args: -agentlib:jdwp=transport=dt_socket,suspend=y,address=localhost:53923 -Dfile.encoding=UTF-8 
java_command: main
Launcher Type: SUN_STANDARD

Environment Variables:
PATH=/usr/bin:/bin:/usr/sbin:/sbin
SHELL=/bin/bash
DISPLAY=/tmp/launch-YRDEL0/org.macosforge.xquartz:0

Signal Handlers:
SIGSEGV: [libjvm.dylib+0x52b6c9], sa_mask[0]=0xfffefeff, sa_flags=0x00000043
SIGBUS: [libjvm.dylib+0x52b6c9], sa_mask[0]=0xfffefeff, sa_flags=0x00000042
SIGFPE: [libjvm.dylib+0x41deaa], sa_mask[0]=0xfffefeff, sa_flags=0x00000042
SIGPIPE: [libjvm.dylib+0x41deaa], sa_mask[0]=0xfffefeff, sa_flags=0x00000042
SIGXFSZ: [libjvm.dylib+0x41deaa], sa_mask[0]=0xfffefeff, sa_flags=0x00000042
SIGILL: [libjvm.dylib+0x41deaa], sa_mask[0]=0xfffefeff, sa_flags=0x00000042
SIGUSR1: SIG_DFL, sa_mask[0]=0x00000000, sa_flags=0x00000002
SIGUSR2: [libjvm.dylib+0x41d99c], sa_mask[0]=0x00000004, sa_flags=0x00000042
SIGHUP: [libjvm.dylib+0x41bc2d], sa_mask[0]=0xfffefeff, sa_flags=0x00000042
SIGINT: [libjvm.dylib+0x41bc2d], sa_mask[0]=0xfffefeff, sa_flags=0x00000042
SIGTERM: [libjvm.dylib+0x41bc2d], sa_mask[0]=0xfffefeff, sa_flags=0x00000042
SIGQUIT: [libjvm.dylib+0x41bc2d], sa_mask[0]=0xfffefeff, sa_flags=0x00000042


---------------  S Y S T E M  ---------------

OS:Bsduname:Darwin 12.5.0 Darwin Kernel Version 12.5.0: Sun Sep 29 13:33:47 PDT 2013; root:xnu-2050.48.12~1/RELEASE_X86_64 x86_64
rlimit: STACK 8192k, CORE 0k, NPROC 709, NOFILE 10240, AS infinity
load average:2.51 1.60 1.52

CPU:total 4 (2 cores per cpu, 2 threads per core) family 6 model 58 stepping 9, cmov, cx8, fxsr, mmx, sse, sse2, sse3, ssse3, sse4.1, sse4.2, popcnt, avx, aes, erms, ht, tsc, tscinvbit, tscinv

Memory: 4k page, physical 4194304k(1048576k free)

/proc/meminfo:


vm_info: Java HotSpot(TM) 64-Bit Server VM (24.65-b04) for bsd-amd64 JRE (1.7.0_67-b01), built on Jul 25 2014 08:51:51 by "java_re" with gcc 4.2.1 (Based on Apple Inc. build 5658) (LLVM build 2336.11.00)

time: Tue Feb  9 15:52:08 2016
elapsed time: 70 seconds

